<?xml version="1.0" encoding="UTF-8"?>
<!-- Generated by org.testng.reporters.JUnitXMLReporter -->
<testsuite ignored="0" hostname="vanshik" failures="0" tests="4" name="Default test" time="4.295" errors="0" timestamp="2023-05-01T13:16:06 IST">
  <testcase classname="day1.HTTPRequests" name="getuser" time="2.207"/>
  <testcase classname="day1.HTTPRequests" name="CreateUser" time="0.79"/>
  <testcase classname="day1.HTTPRequests" name="updateUser" time="0.694"/>
  <testcase classname="day1.HTTPRequests" name="deleteUser" time="0.553"/>
</testsuite> <!-- Default test -->
