<?xml version="1.0" encoding="UTF-8"?>
<testng-results ignored="0" total="1" passed="1" failed="0" skipped="0">
  <reporter-output>
  </reporter-output>
  <suite started-at="2023-05-01T23:55:20 IST" name="Default suite" finished-at="2023-05-01T23:55:20 IST" duration-ms="282">
    <groups>
    </groups>
    <test started-at="2023-05-01T23:55:20 IST" name="Default test" finished-at="2023-05-01T23:55:20 IST" duration-ms="282">
      <class name="day6.serialiazationDeserialization">
        <test-method signature="covertJson2POJO()[pri:0, instance:day6.serialiazationDeserialization@c33b74f]" started-at="2023-05-01T23:55:20 IST" name="covertJson2POJO" finished-at="2023-05-01T23:55:20 IST" duration-ms="236" status="PASS">
          <reporter-output>
          </reporter-output>
        </test-method> <!-- covertJson2POJO -->
      </class> <!-- day6.serialiazationDeserialization -->
    </test> <!-- Default test -->
  </suite> <!-- Default suite -->
</testng-results>
