<?xml version="1.0" encoding="UTF-8"?>
<testng-results ignored="0" total="1" passed="1" failed="0" skipped="0">
  <reporter-output>
  </reporter-output>
  <suite started-at="2023-05-01T20:28:47 IST" name="Default suite" finished-at="2023-05-01T20:28:49 IST" duration-ms="1726">
    <groups>
    </groups>
    <test started-at="2023-05-01T20:28:47 IST" name="Default test" finished-at="2023-05-01T20:28:49 IST" duration-ms="1726">
      <class name="day5.ParsingXMLResponse">
        <test-method signature="testXMLRespose()[pri:0, instance:day5.ParsingXMLResponse@3d51f06e]" started-at="2023-05-01T20:28:47 IST" name="testXMLRespose" finished-at="2023-05-01T20:28:49 IST" duration-ms="1693" status="PASS">
          <reporter-output>
          </reporter-output>
        </test-method> <!-- testXMLRespose -->
      </class> <!-- day5.ParsingXMLResponse -->
    </test> <!-- Default test -->
  </suite> <!-- Default suite -->
</testng-results>
